2026-01-02 17:01:43,695 ERROR [input]              IOUtils.java:278  | Unmapping is not supported.
java.lang.reflect.InaccessibleObjectException: Unable to make public jdk.internal.ref.Cleaner java.nio.DirectByteBuffer.cleaner() accessible: module java.base does not "opens java.nio" to unnamed module @e1de817
	at java.base/java.lang.reflect.AccessibleObject.throwInaccessibleObjectException(Unknown Source)
	at java.base/java.lang.reflect.AccessibleObject.checkCanSetAccessible(Unknown Source)
	at java.base/java.lang.reflect.AccessibleObject.checkCanSetAccessible(Unknown Source)
	at java.base/java.lang.reflect.Method.checkCanSetAccessible(Unknown Source)
	at java.base/java.lang.reflect.Method.setAccessible(Unknown Source)
	at org.apache.pdfbox.io.IOUtils.unmapper(IOUtils.java:244)
	at java.base/java.security.AccessController.doPrivileged(Unknown Source)
	at org.apache.pdfbox.io.IOUtils.<clinit>(IOUtils.java:69)
	at org.apache.pdfbox.Loader.loadPDF(Loader.java:378)
	at org.audiveris.omr.image.ImageLoading.getPdfLoader(ImageLoading.java:159)
	at org.audiveris.omr.image.ImageLoading.getLoader(ImageLoading.java:209)
	at org.audiveris.omr.sheet.Book.createStubs(Book.java:557)
	at org.audiveris.omr.CLI$ProcessingTask.processBook(CLI.java:830)
	at org.audiveris.omr.CLI$CliTask.call(CLI.java:504)
	at org.audiveris.omr.Main.runBatchTasks(Main.java:371)
	at org.audiveris.omr.Main.main(Main.java:260)
	at Audiveris.main(Audiveris.java:50)
2026-01-02 17:01:43,725 INFO [input]                 Book.java:562  | 8 sheets in C:\Users\Admin\Documents\Jianpu-tranpose-with-CV\samples\input.pdf
2026-01-02 17:01:43,789 INFO []                 Book.java:2531 | Stored /book.xml
2026-01-02 17:01:43,789 INFO []                 Book.java:2491 | Book stored as C:\Users\Admin\Documents\Jianpu-tranpose-with-CV\audiveris_out\input.omr
2026-01-02 17:01:43,795 INFO []                 Book.java:1933 | Book reaching PAGE on sheets:[#1#2#3#4#5#6#7#8]
2026-01-02 17:01:43,795 INFO [input#1]       StepMonitoring.java:98   | LOAD
2026-01-02 17:01:43,965 INFO [input#1]            SheetStub.java:1268 | Loaded image #1 2478x3507 from C:\Users\Admin\Documents\Jianpu-tranpose-with-CV\samples\input.pdf
2026-01-02 17:01:43,965 INFO [input#1]       StepMonitoring.java:98   | BINARY
2026-01-02 17:01:44,195 INFO [input#1]       StepMonitoring.java:98   | SCALE
2026-01-02 17:01:44,214 INFO [input#1]         ScaleBuilder.java:241  | Beam  guessed height: 10 -- 0.50 of 19 interline
2026-01-02 17:01:44,214 INFO [input#1]         ScaleBuilder.java:264  | Beam measured height: 11 -- 0.43 of [5..19] range at 515% of needed quorum
2026-01-02 17:01:44,214 INFO [input#1]            ScaleStep.java:65   | Scale{ interline(17,19,20) line(2,3,5) beam(11)}
2026-01-02 17:01:44,215 INFO [input#1]       StepMonitoring.java:98   | GRID
2026-01-02 17:01:44,505 INFO [input#1]       LinesRetriever.java:1500 | Global slope: 0.00000
2026-01-02 17:01:44,533 INFO [input#1]    ClustersRetriever.java:328  | Retrieved raw line clusters: 10 of sizes [5] with interline(17,19,20)
2026-01-02 17:01:44,665 INFO [input#1]            PeakGraph.java:310  | Systems: #1[1, 2] #2[3, 4] #3[5, 6] #4[7, 8] #5[9, 10]
2026-01-02 17:01:44,975 INFO [input#1]        SystemManager.java:779  | 1 part along 5 systems
2026-01-02 17:01:44,975 INFO [input#1]                 Book.java:545  | Created scores: [{Score 1}]
2026-01-02 17:01:44,975 INFO [input#1]       StepMonitoring.java:98   | HEADERS
2026-01-02 17:01:45,119 INFO [input#1]      BasicClassifier.java:277  | Classifier loaded XML norms.
2026-01-02 17:01:45,125 INFO [input#1]   AbstractClassifier.java:396  | Classifier data loaded from default uri jar:file:/C:/Program%20Files/Audiveris/app/audiveris.jar!/res/basic-classifier.zip
2026-01-02 17:01:45,580 INFO [input#1]       StepMonitoring.java:98   | STEM_SEEDS
2026-01-02 17:01:45,627 INFO [input#1]        StemSeedsStep.java:86   | stem(5 max:5)
2026-01-02 17:01:45,665 INFO [input#1]       StepMonitoring.java:98   | BEAMS
2026-01-02 17:01:47,525 INFO [input#1]       StepMonitoring.java:98   | LEDGERS
2026-01-02 17:01:47,635 INFO [input#1]       StepMonitoring.java:98   | HEADS
2026-01-02 17:01:49,983 INFO [input#1]        HeadSeedTally.java:235  | Scale information: HeadSeeds{NOTEHEAD_VOID[L:-0.6] NOTEHEAD_BLACK[L:-0.6,R:-1.3]}
2026-01-02 17:01:49,984 INFO [input#1]       StepMonitoring.java:98   | STEMS
2026-01-02 17:01:50,827 INFO [input#1]       StepMonitoring.java:98   | REDUCTION
2026-01-02 17:01:50,957 INFO [input#1]        ReductionStep.java:105  | Stems free length median value: 65 pixels, 3.4 interlines
2026-01-02 17:01:50,965 INFO [input#1]       StepMonitoring.java:98   | CUE_BEAMS
2026-01-02 17:01:50,965 INFO [input#1]         CueBeamsStep.java:81   | Step CUE_BEAMS is skipped because small heads switch is off
2026-01-02 17:01:50,965 INFO [input#1]       StepMonitoring.java:98   | TEXTS
2026-01-02 17:01:51,944 INFO [input#1]             TextWord.java:268  |    Abnormal font ratio 2.08 TextWord{ "—-"-=" bounds[1286,2037,147,28] conf:0.78 base[1286,2063]-[1433,2065] codes[2014,2d,22,2d,3d] FontInfo{Verdana_Bold B-26}}
2026-01-02 17:01:51,970 INFO [input#1]       StepMonitoring.java:98   | MEASURES
2026-01-02 17:01:51,977 INFO [input#1]                 Page.java:307  | 17 raw measures: [5 in system#1, 4 in system#2, 3 in system#3, 3 in system#4, 2 in system#5]
2026-01-02 17:01:51,977 INFO [input#1]       StepMonitoring.java:98   | CHORDS
2026-01-02 17:01:51,990 INFO [input#1]       StepMonitoring.java:98   | CURVES
2026-01-02 17:01:52,774 INFO [input#1]         SlursBuilder.java:240  | Slurs: 4
2026-01-02 17:01:52,787 INFO [input#1]      SegmentsBuilder.java:155  | Segments: 0
2026-01-02 17:01:52,797 INFO [input#1]       StepMonitoring.java:98   | SYMBOLS
2026-01-02 17:01:53,260 INFO [input#1]       StepMonitoring.java:98   | LINKS
2026-01-02 17:01:53,285 INFO [input#1]        SentenceInter.java:461  | No chord near SentenceInter#8409{(0.620) staff:7 mFont:B-54 Direction} —-"-=
2026-01-02 17:01:53,300 INFO [input#1]       StepMonitoring.java:98   | RHYTHMS
2026-01-02 17:01:53,385 INFO [input#1]       StepMonitoring.java:98   | PAGE
2026-01-02 17:01:53,395 INFO [input#1]                 Book.java:2550 | Book{input} storing
2026-01-02 17:01:53,429 INFO [input#1]                 Book.java:2531 | Stored /book.xml
2026-01-02 17:01:53,518 INFO [input#1]           DataHolder.java:348  | Stored /sheet#1/BINARY.png
2026-01-02 17:01:54,064 INFO [input#1]                Sheet.java:1561 | Stored /sheet#1/sheet#1.xml
2026-01-02 17:01:54,065 INFO [input#1]                 Book.java:2491 | Book stored as C:\Users\Admin\Documents\Jianpu-tranpose-with-CV\audiveris_out\input.omr
2026-01-02 17:01:54,070 INFO [input#1]            SheetStub.java:1644 | Disposed sheet#1
2026-01-02 17:01:54,104 INFO [input#1]                 Book.java:2018 | End of Stub#1 memory: 31,304,744
2026-01-02 17:01:54,105 INFO [input#2]       StepMonitoring.java:98   | LOAD
2026-01-02 17:01:54,250 INFO [input#2]            SheetStub.java:1268 | Loaded image #2 2478x3507 from C:\Users\Admin\Documents\Jianpu-tranpose-with-CV\samples\input.pdf
2026-01-02 17:01:54,250 INFO [input#2]       StepMonitoring.java:98   | BINARY
2026-01-02 17:01:54,516 INFO [input#2]       StepMonitoring.java:98   | SCALE
2026-01-02 17:01:54,535 INFO [input#2]         ScaleBuilder.java:241  | Beam  guessed height: 10 -- 0.50 of 19 interline
2026-01-02 17:01:54,535 INFO [input#2]         ScaleBuilder.java:264  | Beam measured height: 11 -- 0.43 of [5..19] range at 618% of needed quorum
2026-01-02 17:01:54,535 INFO [input#2]            ScaleStep.java:65   | Scale{ interline(17,19,20) line(2,3,5) beam(11)}
2026-01-02 17:01:54,535 INFO [input#2]       StepMonitoring.java:98   | GRID
2026-01-02 17:01:54,699 INFO [input#2]       LinesRetriever.java:1500 | Global slope: 0.00000
2026-01-02 17:01:54,714 INFO [input#2]    ClustersRetriever.java:328  | Retrieved raw line clusters: 12 of sizes [5] with interline(17,19,20)
2026-01-02 17:01:54,864 INFO [input#2]            PeakGraph.java:310  | Systems: #1[1, 2] #2[3, 4] #3[5, 6] #4[7, 8] #5[9, 10] #6[11, 12]
2026-01-02 17:01:55,015 INFO [input#2]        SystemManager.java:779  | 1 part along 6 systems
2026-01-02 17:01:55,015 INFO [input#2]       StepMonitoring.java:98   | HEADERS
2026-01-02 17:01:55,315 INFO [input#2]       StepMonitoring.java:98   | STEM_SEEDS
2026-01-02 17:01:55,350 INFO [input#2]        StemSeedsStep.java:86   | stem(5 max:5)
2026-01-02 17:01:55,360 INFO [input#2]       StepMonitoring.java:98   | BEAMS
2026-01-02 17:01:57,997 INFO [input#2]       StaffProjector.java:665  | Too high serif for multiple rest in Staff#9 at x:1259
2026-01-02 17:01:57,998 INFO [input#2]       StaffProjector.java:665  | Too high serif for multiple rest in Staff#9 at x:1406
2026-01-02 17:01:58,035 INFO [input#2]       StepMonitoring.java:98   | LEDGERS
2026-01-02 17:01:58,125 INFO [input#2]       StepMonitoring.java:98   | HEADS
2026-01-02 17:02:02,015 INFO [input#2]        HeadSeedTally.java:235  | Scale information: HeadSeeds{NOTEHEAD_BLACK[L:-0.5,R:-1.0]}
2026-01-02 17:02:02,015 INFO [input#2]       StepMonitoring.java:98   | STEMS
2026-01-02 17:02:02,652 INFO [input#2]       StepMonitoring.java:98   | REDUCTION
2026-01-02 17:02:02,749 INFO [input#2]        ReductionStep.java:105  | Stems free length median value: 60 pixels, 3.2 interlines
2026-01-02 17:02:02,749 INFO [input#2]       StepMonitoring.java:98   | CUE_BEAMS
2026-01-02 17:02:02,749 INFO [input#2]         CueBeamsStep.java:81   | Step CUE_BEAMS is skipped because small heads switch is off
2026-01-02 17:02:02,749 INFO [input#2]       StepMonitoring.java:98   | TEXTS
2026-01-02 17:02:03,210 INFO [input#2]       StepMonitoring.java:98   | MEASURES
2026-01-02 17:02:03,210 INFO [input#2]                 Page.java:307  | 20 raw measures: [3 in system#1, 4 in system#2, 3 in system#3, 4 in system#4, 3 in system#5, 3 in system#6]
2026-01-02 17:02:03,210 INFO [input#2]       StepMonitoring.java:98   | CHORDS
2026-01-02 17:02:03,219 INFO [input#2]       StepMonitoring.java:98   | CURVES
2026-01-02 17:02:03,834 INFO [input#2]         SlursBuilder.java:240  | Slurs: 8
2026-01-02 17:02:03,843 INFO [input#2]      SegmentsBuilder.java:155  | Segments: 11
2026-01-02 17:02:03,843 INFO [input#2]       StepMonitoring.java:98   | SYMBOLS
2026-01-02 17:02:04,325 INFO [input#2]       StepMonitoring.java:98   | LINKS
2026-01-02 17:02:04,325 INFO [input#2]        SymbolsLinker.java:257  | No chord linked to OctaveShiftInter#11875{(0.377) staff:1 OTTAVA ALTA}
2026-01-02 17:02:04,349 INFO [input#2]        SymbolsLinker.java:287  | No chord above PedalInter#11945{(0.185) PEDAL_UP_MARK}
2026-01-02 17:02:04,375 INFO [input#2]       StepMonitoring.java:98   | RHYTHMS
2026-01-02 17:02:04,375 INFO [input#2]           PageRhythm.java:199  | {Page#2.1} Time value reused from sheet#1
2026-01-02 17:02:04,406 INFO [input#2]        MeasureRhythm.java:1277 | Measure{#18} Time inconsistency in {5/8=[HeadChordInter#10755{(0.943/0.943) staff:12 slot#7 off:5/8 dur:1/16}], 21/32=[HeadChordInter#10727{(0.936/0.936) staff:11 slot#7 off:21/32 dur:1/16}]}
2026-01-02 17:02:04,406 INFO [input#2]        MeasureRhythm.java:1277 | Measure{#18} Time inconsistency in {11/16=[HeadChordInter#10756{(0.927/0.927) staff:12 slot#8 off:11/16 dur:1/16}], 23/32=[HeadChordInter#10728{(0.953/0.953) staff:11 slot#8 off:23/32 dur:1/16}]}
2026-01-02 17:02:04,416 INFO [input#2]       StepMonitoring.java:98   | PAGE
2026-01-02 17:02:04,416 INFO [input#2]       SheetReduction.java:154  | Gutter. Different glyphs 5/6 ArticulationInter#11998{(0.776/0.889) STACCATO} vs ArticulationInter#12153{(0.799/0.900) STACCATO}
2026-01-02 17:02:04,416 INFO [input#2]       SheetReduction.java:154  | Gutter. Different glyphs 5/6 PedalInter#11997{(0.777/0.777) PEDAL_MARK} vs ArticulationInter#12153{(0.799/0.900) STACCATO}
2026-01-02 17:02:04,416 INFO [input#2]                 Book.java:2550 | Book{input} storing
2026-01-02 17:02:04,455 INFO [input#2]                 Book.java:2531 | Stored /book.xml
2026-01-02 17:02:04,545 INFO [input#2]           DataHolder.java:348  | Stored /sheet#2/BINARY.png
2026-01-02 17:02:04,861 INFO [input#2]                Sheet.java:1561 | Stored /sheet#2/sheet#2.xml
2026-01-02 17:02:04,861 INFO [input#2]                 Book.java:2491 | Book stored as C:\Users\Admin\Documents\Jianpu-tranpose-with-CV\audiveris_out\input.omr
2026-01-02 17:02:04,867 INFO [input#2]            SheetStub.java:1644 | Disposed sheet#2
2026-01-02 17:02:04,892 INFO [input#2]                 Book.java:2018 | End of Stub#2 memory: 30,941,336
2026-01-02 17:02:04,893 INFO [input#3]       StepMonitoring.java:98   | LOAD
2026-01-02 17:02:05,017 INFO [input#3]            SheetStub.java:1268 | Loaded image #3 2478x3507 from C:\Users\Admin\Documents\Jianpu-tranpose-with-CV\samples\input.pdf
2026-01-02 17:02:05,018 INFO [input#3]       StepMonitoring.java:98   | BINARY
2026-01-02 17:02:05,281 INFO [input#3]       StepMonitoring.java:98   | SCALE
2026-01-02 17:02:05,283 INFO [input#3]         ScaleBuilder.java:241  | Beam  guessed height: 10 -- 0.50 of 19 interline
2026-01-02 17:02:05,283 INFO [input#3]         ScaleBuilder.java:264  | Beam measured height: 11 -- 0.43 of [5..19] range at 603% of needed quorum
2026-01-02 17:02:05,283 INFO [input#3]            ScaleStep.java:65   | Scale{ interline(17,19,20) line(2,3,5) beam(11)}
2026-01-02 17:02:05,284 INFO [input#3]       StepMonitoring.java:98   | GRID
2026-01-02 17:02:05,368 INFO [input#3]       LinesRetriever.java:1500 | Global slope: 0.00000
2026-01-02 17:02:05,376 INFO [input#3]    ClustersRetriever.java:328  | Retrieved raw line clusters: 12 of sizes [5] with interline(17,19,20)
2026-01-02 17:02:05,475 INFO [input#3]            PeakGraph.java:310  | Systems: #1[1, 2] #2[3, 4] #3[5, 6] #4[7, 8] #5[9, 10] #6[11, 12]
2026-01-02 17:02:05,602 INFO [input#3]        SystemManager.java:779  | 1 part along 6 systems
2026-01-02 17:02:05,602 INFO [input#3]       StepMonitoring.java:98   | HEADERS
2026-01-02 17:02:05,873 INFO [input#3]       StepMonitoring.java:98   | STEM_SEEDS
2026-01-02 17:02:05,897 INFO [input#3]        StemSeedsStep.java:86   | stem(5 max:6)
2026-01-02 17:02:05,907 INFO [input#3]       StepMonitoring.java:98   | BEAMS
2026-01-02 17:02:08,265 INFO [input#3]       StaffProjector.java:665  | Too high serif for multiple rest in Staff#12 at x:1401
2026-01-02 17:02:08,265 INFO [input#3]       StaffProjector.java:665  | Too high serif for multiple rest in Staff#12 at x:1541
2026-01-02 17:02:08,266 INFO [input#3]       StepMonitoring.java:98   | LEDGERS
2026-01-02 17:02:08,315 INFO [input#3]       StepMonitoring.java:98   | HEADS
2026-01-02 17:02:12,055 INFO [input#3]        HeadSeedTally.java:235  | Scale information: HeadSeeds{NOTEHEAD_VOID[L:0.4] NOTEHEAD_BLACK[L:-0.7,R:-0.9]}
2026-01-02 17:02:12,055 INFO [input#3]       StepMonitoring.java:98   | STEMS
2026-01-02 17:02:12,395 INFO [input#3]       StepMonitoring.java:98   | REDUCTION
2026-01-02 17:02:12,445 INFO [input#3]        ReductionStep.java:105  | Stems free length median value: 59 pixels, 3.1 interlines
2026-01-02 17:02:12,456 INFO [input#3]       StepMonitoring.java:98   | CUE_BEAMS
2026-01-02 17:02:12,456 INFO [input#3]         CueBeamsStep.java:81   | Step CUE_BEAMS is skipped because small heads switch is off
2026-01-02 17:02:12,456 INFO [input#3]       StepMonitoring.java:98   | TEXTS
2026-01-02 17:02:12,710 INFO [input#3]       StepMonitoring.java:98   | MEASURES
2026-01-02 17:02:12,710 INFO [input#3]                 Page.java:307  | 20 raw measures: [4 in system#1, 4 in system#2, 3 in system#3, 3 in system#4, 3 in system#5, 3 in system#6]
2026-01-02 17:02:12,710 INFO [input#3]       StepMonitoring.java:98   | CHORDS
2026-01-02 17:02:12,715 INFO [input#3]       StepMonitoring.java:98   | CURVES
2026-01-02 17:02:13,078 INFO [input#3]         SlursBuilder.java:240  | Slurs: 14
2026-01-02 17:02:13,078 INFO [input#3]      SegmentsBuilder.java:155  | Segments: 4
2026-01-02 17:02:13,078 INFO [input#3]       StepMonitoring.java:98   | SYMBOLS
2026-01-02 17:02:13,471 INFO [input#3]       StepMonitoring.java:98   | LINKS
2026-01-02 17:02:13,471 INFO [input#3]        SentenceInter.java:461  | No chord near SentenceInter#9308{(0.584) staff:1 mFont:B-40 Direction} h b
2026-01-02 17:02:13,492 INFO [input#3]        SymbolsLinker.java:287  | No chord above PedalInter#11069{(0.394) PEDAL_UP_MARK}
2026-01-02 17:02:13,495 INFO [input#3]        SymbolsLinker.java:287  | No chord above PedalInter#11087{(0.291) PEDAL_UP_MARK}
2026-01-02 17:02:13,498 INFO [input#3]       StepMonitoring.java:98   | RHYTHMS
2026-01-02 17:02:13,498 INFO [input#3]           PageRhythm.java:199  | {Page#3.1} Time value reused from sheet#1
2026-01-02 17:02:13,501 INFO [input#3]        MeasureRhythm.java:1045 | Measure{#3} No timeOffset for HeadChordInter#9404{(0.946/0.946) staff:1 slot#6 dur:1/4}
2026-01-02 17:02:13,502 INFO [input#3]                Voice.java:257  | Measure{#3} Voice{#1 excess:1/8} too long
2026-01-02 17:02:13,502 INFO [input#3]          StackRhythm.java:224  | S1 MeasureStack#3 no correct rhythm
2026-01-02 17:02:13,503 INFO [input#3]        MeasureRhythm.java:1045 | Measure{#5} No timeOffset for HeadChordInter#9445{(0.937/0.937) staff:3 slot#8 dur:1/4}
2026-01-02 17:02:13,503 INFO [input#3]   AbstractChordInter.java:627  | Measure{#5} No timeOffset for HeadChordInter#9445{(0.937/0.937) staff:3 slot#8 dur:1/4}
2026-01-02 17:02:13,504 INFO [input#3]   AbstractChordInter.java:627  | Measure{#5} No timeOffset for HeadChordInter#9447{(0.936/0.936) staff:3 slot#10 dur:1/16}
2026-01-02 17:02:13,504 INFO [input#3]                Voice.java:257  | Measure{#5} Voice{#5 excess:1/4} too long
2026-01-02 17:02:13,504 INFO [input#3]          StackRhythm.java:224  | S2 MeasureStack#5 no correct rhythm
2026-01-02 17:02:13,518 INFO [input#3]       StepMonitoring.java:98   | PAGE
2026-01-02 17:02:13,519 INFO [input#3]                Voice.java:257  | Measure{#3} Voice{#1 excess:1/8} too long
2026-01-02 17:02:13,520 INFO [input#3]                Voice.java:257  | Measure{#5} Voice{#5 excess:1/4} too long
2026-01-02 17:02:13,520 INFO [input#3]                 Book.java:2550 | Book{input} storing
2026-01-02 17:02:13,546 INFO [input#3]                 Book.java:2531 | Stored /book.xml
2026-01-02 17:02:13,591 INFO [input#3]           DataHolder.java:348  | Stored /sheet#3/BINARY.png
2026-01-02 17:02:13,795 INFO [input#3]                Sheet.java:1561 | Stored /sheet#3/sheet#3.xml
2026-01-02 17:02:13,795 INFO [input#3]                 Book.java:2491 | Book stored as C:\Users\Admin\Documents\Jianpu-tranpose-with-CV\audiveris_out\input.omr
2026-01-02 17:02:13,805 INFO [input#3]            SheetStub.java:1644 | Disposed sheet#3
2026-01-02 17:02:13,825 INFO [input#3]                 Book.java:2018 | End of Stub#3 memory: 31,098,712
2026-01-02 17:02:13,825 INFO [input#4]       StepMonitoring.java:98   | LOAD
2026-01-02 17:02:13,910 INFO [input#4]            SheetStub.java:1268 | Loaded image #4 2478x3507 from C:\Users\Admin\Documents\Jianpu-tranpose-with-CV\samples\input.pdf
2026-01-02 17:02:13,910 INFO [input#4]       StepMonitoring.java:98   | BINARY
2026-01-02 17:02:14,085 INFO [input#4]       StepMonitoring.java:98   | SCALE
2026-01-02 17:02:14,085 INFO [input#4]         ScaleBuilder.java:241  | Beam  guessed height: 10 -- 0.50 of 19 interline
2026-01-02 17:02:14,085 INFO [input#4]         ScaleBuilder.java:264  | Beam measured height: 11 -- 0.43 of [5..19] range at 604% of needed quorum
2026-01-02 17:02:14,085 INFO [input#4]            ScaleStep.java:65   | Scale{ interline(17,19,20) line(3,3,5) beam(11)}
2026-01-02 17:02:14,085 INFO [input#4]       StepMonitoring.java:98   | GRID
2026-01-02 17:02:14,158 INFO [input#4]       LinesRetriever.java:1500 | Global slope: 0.00000
2026-01-02 17:02:14,164 INFO [input#4]    ClustersRetriever.java:328  | Retrieved raw line clusters: 12 of sizes [5] with interline(17,19,20)
2026-01-02 17:02:14,193 INFO [input#4]            PeakGraph.java:310  | Systems: #1[1, 2] #2[3, 4] #3[5, 6] #4[7, 8] #5[9, 10] #6[11, 12]
2026-01-02 17:02:14,286 INFO [input#4]        SystemManager.java:779  | 1 part along 6 systems
2026-01-02 17:02:14,287 INFO [input#4]       StepMonitoring.java:98   | HEADERS
2026-01-02 17:02:14,504 INFO [input#4]       StepMonitoring.java:98   | STEM_SEEDS
2026-01-02 17:02:14,520 INFO [input#4]        StemSeedsStep.java:86   | stem(5 max:5)
2026-01-02 17:02:14,525 INFO [input#4]       StepMonitoring.java:98   | BEAMS
2026-01-02 17:02:16,196 INFO [input#4]       StaffProjector.java:665  | Too high serif for multiple rest in Staff#12 at x:1401
2026-01-02 17:02:16,197 INFO [input#4]       StaffProjector.java:665  | Too high serif for multiple rest in Staff#12 at x:1541
2026-01-02 17:02:16,197 INFO [input#4]       StepMonitoring.java:98   | LEDGERS
2026-01-02 17:02:16,241 INFO [input#4]       StepMonitoring.java:98   | HEADS
2026-01-02 17:02:19,168 INFO [input#4]        HeadSeedTally.java:235  | Scale information: HeadSeeds{NOTEHEAD_VOID[L:-0.1] NOTEHEAD_BLACK[L:-0.5,R:-0.9]}
2026-01-02 17:02:19,168 INFO [input#4]       StepMonitoring.java:98   | STEMS
2026-01-02 17:02:19,545 INFO [input#4]       StepMonitoring.java:98   | REDUCTION
2026-01-02 17:02:19,608 INFO [input#4]        ReductionStep.java:105  | Stems free length median value: 60 pixels, 3.2 interlines
2026-01-02 17:02:19,611 INFO [input#4]       StepMonitoring.java:98   | CUE_BEAMS
2026-01-02 17:02:19,611 INFO [input#4]         CueBeamsStep.java:81   | Step CUE_BEAMS is skipped because small heads switch is off
2026-01-02 17:02:19,611 INFO [input#4]       StepMonitoring.java:98   | TEXTS
2026-01-02 17:02:19,883 INFO [input#4]             TextWord.java:268  |    Abnormal font ratio 2.63 TextWord{ ",'%" bounds[1330,1340,140,60] conf:0.52 base[1330,1400]-[1470,1400] codes[2c,27,25] FontInfo{Verdana_Bold B-41}}
2026-01-02 17:02:19,885 INFO [input#4]       StepMonitoring.java:98   | MEASURES
2026-01-02 17:02:19,885 INFO [input#4]                 Page.java:307  | 20 raw measures: [3 in system#1, 4 in system#2, 4 in system#3, 3 in system#4, 3 in system#5, 3 in system#6]
2026-01-02 17:02:19,885 INFO [input#4]       StepMonitoring.java:98   | CHORDS
2026-01-02 17:02:19,894 INFO [input#4]       StepMonitoring.java:98   | CURVES
2026-01-02 17:02:20,330 INFO [input#4]         SlursBuilder.java:240  | Slurs: 15
2026-01-02 17:02:20,330 INFO [input#4]      SegmentsBuilder.java:155  | Segments: 8
2026-01-02 17:02:20,330 INFO [input#4]       StepMonitoring.java:98   | SYMBOLS
2026-01-02 17:02:20,566 INFO [input#4]       StepMonitoring.java:98   | LINKS
2026-01-02 17:02:20,566 INFO [input#4]        SymbolsLinker.java:287  | No chord above PedalInter#10630{(0.515) PEDAL_UP_MARK}
2026-01-02 17:02:20,571 INFO [input#4]        SymbolsLinker.java:287  | No chord above PedalInter#10687{(0.164) PEDAL_MARK}
2026-01-02 17:02:20,586 INFO [input#4]        SymbolsLinker.java:287  | No chord above PedalInter#10844{(0.394) PEDAL_UP_MARK}
2026-01-02 17:02:20,596 INFO [input#4]        SymbolsLinker.java:287  | No chord above PedalInter#10862{(0.291) PEDAL_UP_MARK}
2026-01-02 17:02:20,596 INFO [input#4]       StepMonitoring.java:98   | RHYTHMS
2026-01-02 17:02:20,596 INFO [input#4]           PageRhythm.java:199  | {Page#4.1} Time value reused from sheet#1
2026-01-02 17:02:20,605 INFO [input#4]                Voice.java:257  | Measure{#4} Voice{#1 excess:1/8} too long
2026-01-02 17:02:20,605 INFO [input#4]          StackRhythm.java:224  | S2 MeasureStack#4 no correct rhythm
2026-01-02 17:02:20,605 INFO [input#4]        MeasureRhythm.java:1045 | Measure{#5} No timeOffset for HeadChordInter#9388{(0.935/0.935) staff:3 slot#8 dur:1/4}
2026-01-02 17:02:20,605 INFO [input#4]   AbstractChordInter.java:627  | Measure{#5} No timeOffset for HeadChordInter#9388{(0.935/0.935) staff:3 slot#8 dur:1/4}
2026-01-02 17:02:20,605 INFO [input#4]        MeasureRhythm.java:1045 | Measure{#5} No timeOffset for HeadChordInter#9411{(0.709/0.709) staff:4 slot#9 dur:1/2}
2026-01-02 17:02:20,605 INFO [input#4]   AbstractChordInter.java:627  | Measure{#5} No timeOffset for HeadChordInter#9390{(0.939/0.939) staff:3 slot#10 dur:1/16}
2026-01-02 17:02:20,605 INFO [input#4]   AbstractChordInter.java:627  | Measure{#5} No timeOffset for HeadChordInter#9411{(0.709/0.709) staff:4 slot#9 dur:1/2}
2026-01-02 17:02:20,605 INFO [input#4]                Voice.java:257  | Measure{#5} Voice{#5 excess:1/4} too long
2026-01-02 17:02:20,605 INFO [input#4]          StackRhythm.java:224  | S2 MeasureStack#5 no correct rhythm
2026-01-02 17:02:20,609 INFO [input#4]        MeasureRhythm.java:1045 | Measure{#10} No timeOffset for HeadChordInter#9455{(0.935/0.935) staff:5 slot#10 dur:1/8}
2026-01-02 17:02:20,609 INFO [input#4]   AbstractChordInter.java:627  | Measure{#10} No timeOffset for HeadChordInter#9456{(0.945/0.945) staff:5 slot#11 dur:1/8}
2026-01-02 17:02:20,609 INFO [input#4]                Voice.java:257  | Measure{#10} Voice{#5 excess:1/4} too long
2026-01-02 17:02:20,609 INFO [input#4]                Voice.java:257  | Measure{#10} Voice{#2 excess:1/8} too long
2026-01-02 17:02:20,609 INFO [input#4]          StackRhythm.java:224  | S3 MeasureStack#10 no correct rhythm
2026-01-02 17:02:20,625 INFO [input#4]       StepMonitoring.java:98   | PAGE
2026-01-02 17:02:20,626 INFO [input#4]                Voice.java:257  | Measure{#4} Voice{#1 excess:1/8} too long
2026-01-02 17:02:20,626 INFO [input#4]                Voice.java:257  | Measure{#5} Voice{#5 excess:1/4} too long
2026-01-02 17:02:20,626 INFO [input#4]                Voice.java:257  | Measure{#10} Voice{#2 excess:1/8} too long
2026-01-02 17:02:20,626 INFO [input#4]                Voice.java:257  | Measure{#10} Voice{#5 excess:1/4} too long
2026-01-02 17:02:20,626 INFO [input#4]                 Book.java:2550 | Book{input} storing
2026-01-02 17:02:20,645 INFO [input#4]                 Book.java:2531 | Stored /book.xml
2026-01-02 17:02:20,695 INFO [input#4]           DataHolder.java:348  | Stored /sheet#4/BINARY.png
2026-01-02 17:02:20,916 INFO [input#4]                Sheet.java:1561 | Stored /sheet#4/sheet#4.xml
2026-01-02 17:02:20,916 INFO [input#4]                 Book.java:2491 | Book stored as C:\Users\Admin\Documents\Jianpu-tranpose-with-CV\audiveris_out\input.omr
2026-01-02 17:02:20,926 INFO [input#4]            SheetStub.java:1644 | Disposed sheet#4
2026-01-02 17:02:20,946 INFO [input#4]                 Book.java:2018 | End of Stub#4 memory: 31,107,128
2026-01-02 17:02:20,946 INFO [input#5]       StepMonitoring.java:98   | LOAD
2026-01-02 17:02:21,061 INFO [input#5]            SheetStub.java:1268 | Loaded image #5 2478x3507 from C:\Users\Admin\Documents\Jianpu-tranpose-with-CV\samples\input.pdf
2026-01-02 17:02:21,062 INFO [input#5]       StepMonitoring.java:98   | BINARY
2026-01-02 17:02:21,276 INFO [input#5]       StepMonitoring.java:98   | SCALE
2026-01-02 17:02:21,276 INFO [input#5]         ScaleBuilder.java:241  | Beam  guessed height: 10 -- 0.50 of 19 interline
2026-01-02 17:02:21,276 INFO [input#5]         ScaleBuilder.java:264  | Beam measured height: 11 -- 0.43 of [5..19] range at 702% of needed quorum
2026-01-02 17:02:21,276 INFO [input#5]            ScaleStep.java:65   | Scale{ interline(17,19,20) line(2,3,4) beam(11)}
2026-01-02 17:02:21,276 INFO [input#5]       StepMonitoring.java:98   | GRID
2026-01-02 17:02:21,353 INFO [input#5]       LinesRetriever.java:1500 | Global slope: 0.00000
2026-01-02 17:02:21,359 INFO [input#5]    ClustersRetriever.java:328  | Retrieved raw line clusters: 12 of sizes [5] with interline(17,19,20)
2026-01-02 17:02:21,393 INFO [input#5]            PeakGraph.java:310  | Systems: #1[1, 2] #2[3, 4] #3[5, 6] #4[7, 8] #5[9, 10] #6[11, 12]
2026-01-02 17:02:21,485 INFO [input#5]        SystemManager.java:779  | 1 part along 6 systems
2026-01-02 17:02:21,485 INFO [input#5]       StepMonitoring.java:98   | HEADERS
2026-01-02 17:02:21,721 INFO [input#5]       StepMonitoring.java:98   | STEM_SEEDS
2026-01-02 17:02:21,741 INFO [input#5]        StemSeedsStep.java:86   | stem(5 max:6)
2026-01-02 17:02:21,748 INFO [input#5]       StepMonitoring.java:98   | BEAMS
2026-01-02 17:02:23,488 INFO [input#5]       StepMonitoring.java:98   | LEDGERS
2026-01-02 17:02:23,531 INFO [input#5]       StepMonitoring.java:98   | HEADS
2026-01-02 17:02:26,377 INFO [input#5]        HeadSeedTally.java:235  | Scale information: HeadSeeds{NOTEHEAD_BLACK[L:-0.5,R:-0.8]}
2026-01-02 17:02:26,377 INFO [input#5]       StepMonitoring.java:98   | STEMS
2026-01-02 17:02:26,768 INFO [input#5]       StepMonitoring.java:98   | REDUCTION
2026-01-02 17:02:26,821 INFO [input#5]        ReductionStep.java:105  | Stems free length median value: 63 pixels, 3.3 interlines
2026-01-02 17:02:26,825 INFO [input#5]       StepMonitoring.java:98   | CUE_BEAMS
2026-01-02 17:02:26,825 INFO [input#5]         CueBeamsStep.java:81   | Step CUE_BEAMS is skipped because small heads switch is off
2026-01-02 17:02:26,825 INFO [input#5]       StepMonitoring.java:98   | TEXTS
2026-01-02 17:02:27,103 INFO [input#5]       StepMonitoring.java:98   | MEASURES
2026-01-02 17:02:27,104 INFO [input#5]                 Page.java:307  | 20 raw measures: [3 in system#1, 4 in system#2, 4 in system#3, 4 in system#4, 3 in system#5, 2 in system#6]
2026-01-02 17:02:27,104 INFO [input#5]       StepMonitoring.java:98   | CHORDS
2026-01-02 17:02:27,108 INFO [input#5]       StepMonitoring.java:98   | CURVES
2026-01-02 17:02:27,476 INFO [input#5]         SlursBuilder.java:240  | Slurs: 9
2026-01-02 17:02:27,476 INFO [input#5]      SegmentsBuilder.java:155  | Segments: 9
2026-01-02 17:02:27,476 INFO [input#5]       StepMonitoring.java:98   | SYMBOLS
2026-01-02 17:02:27,696 INFO [input#5]       StepMonitoring.java:98   | LINKS
2026-01-02 17:02:27,696 INFO [input#5]        SymbolsLinker.java:287  | No chord above PedalInter#11267{(0.617) PEDAL_UP_MARK}
2026-01-02 17:02:27,706 INFO [input#5]        SymbolsLinker.java:287  | No chord above PedalInter#11404{(0.304) PEDAL_UP_MARK}
2026-01-02 17:02:27,716 INFO [input#5]       StepMonitoring.java:98   | RHYTHMS
2026-01-02 17:02:27,716 INFO [input#5]           PageRhythm.java:199  | {Page#5.1} Time value reused from sheet#1
2026-01-02 17:02:27,726 INFO [input#5]                Voice.java:257  | Measure{#4} Voice{#1 excess:1/8} too long
2026-01-02 17:02:27,726 INFO [input#5]                Voice.java:257  | Measure{#4} Voice{#7 excess:1/8} too long
2026-01-02 17:02:27,726 INFO [input#5]          StackRhythm.java:224  | S2 MeasureStack#4 no correct rhythm
2026-01-02 17:02:27,726 INFO [input#5]                Voice.java:257  | Measure{#6} Voice{#7 excess:1/8} too long
2026-01-02 17:02:27,726 INFO [input#5]                Voice.java:257  | Measure{#6} Voice{#2 excess:1/8} too long
2026-01-02 17:02:27,726 INFO [input#5]          StackRhythm.java:224  | S2 MeasureStack#6 no correct rhythm
2026-01-02 17:02:27,745 INFO [input#5]       StepMonitoring.java:98   | PAGE
2026-01-02 17:02:27,745 INFO [input#5]                Voice.java:257  | Measure{#4} Voice{#1 excess:1/8} too long
2026-01-02 17:02:27,745 INFO [input#5]                Voice.java:257  | Measure{#4} Voice{#7 excess:1/8} too long
2026-01-02 17:02:27,745 INFO [input#5]                Voice.java:257  | Measure{#6} Voice{#2 excess:1/8} too long
2026-01-02 17:02:27,745 INFO [input#5]                Voice.java:257  | Measure{#6} Voice{#7 excess:1/8} too long
2026-01-02 17:02:27,745 INFO [input#5]                 Book.java:2550 | Book{input} storing
2026-01-02 17:02:27,776 INFO [input#5]                 Book.java:2531 | Stored /book.xml
2026-01-02 17:02:27,826 INFO [input#5]           DataHolder.java:348  | Stored /sheet#5/BINARY.png
2026-01-02 17:02:28,035 INFO [input#5]                Sheet.java:1561 | Stored /sheet#5/sheet#5.xml
2026-01-02 17:02:28,035 INFO [input#5]                 Book.java:2491 | Book stored as C:\Users\Admin\Documents\Jianpu-tranpose-with-CV\audiveris_out\input.omr
2026-01-02 17:02:28,035 INFO [input#5]            SheetStub.java:1644 | Disposed sheet#5
2026-01-02 17:02:28,064 INFO [input#5]                 Book.java:2018 | End of Stub#5 memory: 31,130,216
2026-01-02 17:02:28,064 INFO [input#6]       StepMonitoring.java:98   | LOAD
2026-01-02 17:02:28,153 INFO [input#6]            SheetStub.java:1268 | Loaded image #6 2478x3507 from C:\Users\Admin\Documents\Jianpu-tranpose-with-CV\samples\input.pdf
2026-01-02 17:02:28,153 INFO [input#6]       StepMonitoring.java:98   | BINARY
2026-01-02 17:02:28,329 INFO [input#6]       StepMonitoring.java:98   | SCALE
2026-01-02 17:02:28,329 INFO [input#6]         ScaleBuilder.java:241  | Beam  guessed height: 10 -- 0.50 of 19 interline
2026-01-02 17:02:28,329 INFO [input#6]         ScaleBuilder.java:264  | Beam measured height: 11 -- 0.43 of [5..19] range at 614% of needed quorum
2026-01-02 17:02:28,329 INFO [input#6]            ScaleStep.java:65   | Scale{ interline(17,19,20) line(2,3,5) beam(11)}
2026-01-02 17:02:28,329 INFO [input#6]       StepMonitoring.java:98   | GRID
2026-01-02 17:02:28,396 INFO [input#6]       LinesRetriever.java:1500 | Global slope: 0.00000
2026-01-02 17:02:28,409 INFO [input#6]    ClustersRetriever.java:328  | Retrieved raw line clusters: 12 of sizes [5] with interline(17,19,20)
2026-01-02 17:02:28,445 INFO [input#6]            PeakGraph.java:310  | Systems: #1[1, 2] #2[3, 4] #3[5, 6] #4[7, 8] #5[9, 10] #6[11, 12]
2026-01-02 17:02:28,556 INFO [input#6]        SystemManager.java:779  | 1 part along 6 systems
2026-01-02 17:02:28,556 INFO [input#6]       StepMonitoring.java:98   | HEADERS
2026-01-02 17:02:28,784 INFO [input#6]       StepMonitoring.java:98   | STEM_SEEDS
2026-01-02 17:02:28,800 INFO [input#6]        StemSeedsStep.java:86   | stem(5 max:5)
2026-01-02 17:02:28,806 INFO [input#6]       StepMonitoring.java:98   | BEAMS
2026-01-02 17:02:30,566 INFO [input#6]       StaffProjector.java:665  | Too high serif for multiple rest in Staff#9 at x:1259
2026-01-02 17:02:30,566 INFO [input#6]       StaffProjector.java:665  | Too high serif for multiple rest in Staff#9 at x:1406
2026-01-02 17:02:30,590 INFO [input#6]       StepMonitoring.java:98   | LEDGERS
2026-01-02 17:02:30,655 INFO [input#6]       StepMonitoring.java:98   | HEADS
2026-01-02 17:02:33,641 INFO [input#6]        HeadSeedTally.java:235  | Scale information: HeadSeeds{NOTEHEAD_BLACK[L:-0.5,R:-0.9]}
2026-01-02 17:02:33,644 INFO [input#6]       StepMonitoring.java:98   | STEMS
2026-01-02 17:02:34,036 INFO [input#6]       StepMonitoring.java:98   | REDUCTION
2026-01-02 17:02:34,086 INFO [input#6]        ReductionStep.java:105  | Stems free length median value: 60 pixels, 3.2 interlines
2026-01-02 17:02:34,088 INFO [input#6]       StepMonitoring.java:98   | CUE_BEAMS
2026-01-02 17:02:34,088 INFO [input#6]         CueBeamsStep.java:81   | Step CUE_BEAMS is skipped because small heads switch is off
2026-01-02 17:02:34,089 INFO [input#6]       StepMonitoring.java:98   | TEXTS
2026-01-02 17:02:34,412 INFO [input#6]       StepMonitoring.java:98   | MEASURES
2026-01-02 17:02:34,413 INFO [input#6]                 Page.java:307  | 20 raw measures: [3 in system#1, 4 in system#2, 3 in system#3, 4 in system#4, 3 in system#5, 3 in system#6]
2026-01-02 17:02:34,413 INFO [input#6]       StepMonitoring.java:98   | CHORDS
2026-01-02 17:02:34,416 INFO [input#6]       StepMonitoring.java:98   | CURVES
2026-01-02 17:02:34,799 INFO [input#6]         SlursBuilder.java:240  | Slurs: 8
2026-01-02 17:02:34,799 INFO [input#6]      SegmentsBuilder.java:155  | Segments: 5
2026-01-02 17:02:34,799 INFO [input#6]       StepMonitoring.java:98   | SYMBOLS
2026-01-02 17:02:35,156 INFO [input#6]       StepMonitoring.java:98   | LINKS
2026-01-02 17:02:35,168 INFO [input#6]        SymbolsLinker.java:287  | No chord above PedalInter#11873{(0.185) PEDAL_UP_MARK}
2026-01-02 17:02:35,172 INFO [input#6]        SymbolsLinker.java:287  | No chord above PedalInter#11923{(0.568) PEDAL_UP_MARK}
2026-01-02 17:02:35,179 INFO [input#6]       StepMonitoring.java:98   | RHYTHMS
2026-01-02 17:02:35,179 INFO [input#6]           PageRhythm.java:199  | {Page#6.1} Time value reused from sheet#1
2026-01-02 17:02:35,189 INFO [input#6]        MeasureRhythm.java:1277 | Measure{#18} Time inconsistency in {5/8=[HeadChordInter#10689{(0.943/0.943) staff:12 slot#7 off:5/8 dur:1/16}], 21/32=[HeadChordInter#10661{(0.937/0.937) staff:11 slot#7 off:21/32 dur:1/16}]}
2026-01-02 17:02:35,189 INFO [input#6]        MeasureRhythm.java:1277 | Measure{#18} Time inconsistency in {11/16=[HeadChordInter#10690{(0.949/0.949) staff:12 slot#8 off:11/16 dur:1/16}], 23/32=[HeadChordInter#10662{(0.953/0.953) staff:11 slot#8 off:23/32 dur:1/16}]}
2026-01-02 17:02:35,189 INFO [input#6]       StepMonitoring.java:98   | PAGE
2026-01-02 17:02:35,189 INFO [input#6]       SheetReduction.java:154  | Gutter. Different glyphs 5/6 ArticulationInter#11929{(0.776/0.889) STACCATO} vs ArticulationInter#12083{(0.799/0.900) STACCATO}
2026-01-02 17:02:35,189 INFO [input#6]       SheetReduction.java:154  | Gutter. Different glyphs 5/6 PedalInter#11928{(0.768/0.768) PEDAL_MARK} vs ArticulationInter#12083{(0.799/0.900) STACCATO}
2026-01-02 17:02:35,196 INFO [input#6]                 Book.java:2550 | Book{input} storing
2026-01-02 17:02:35,222 INFO [input#6]                 Book.java:2531 | Stored /book.xml
2026-01-02 17:02:35,266 INFO [input#6]           DataHolder.java:348  | Stored /sheet#6/BINARY.png
2026-01-02 17:02:35,490 INFO [input#6]                Sheet.java:1561 | Stored /sheet#6/sheet#6.xml
2026-01-02 17:02:35,490 INFO [input#6]                 Book.java:2491 | Book stored as C:\Users\Admin\Documents\Jianpu-tranpose-with-CV\audiveris_out\input.omr
2026-01-02 17:02:35,494 INFO [input#6]            SheetStub.java:1644 | Disposed sheet#6
2026-01-02 17:02:35,514 INFO [input#6]                 Book.java:2018 | End of Stub#6 memory: 31,161,816
2026-01-02 17:02:35,514 INFO [input#7]       StepMonitoring.java:98   | LOAD
2026-01-02 17:02:35,597 INFO [input#7]            SheetStub.java:1268 | Loaded image #7 2478x3507 from C:\Users\Admin\Documents\Jianpu-tranpose-with-CV\samples\input.pdf
2026-01-02 17:02:35,597 INFO [input#7]       StepMonitoring.java:98   | BINARY
2026-01-02 17:02:35,768 INFO [input#7]       StepMonitoring.java:98   | SCALE
2026-01-02 17:02:35,768 INFO [input#7]         ScaleBuilder.java:241  | Beam  guessed height: 10 -- 0.50 of 19 interline
2026-01-02 17:02:35,768 INFO [input#7]         ScaleBuilder.java:264  | Beam measured height: 11 -- 0.43 of [5..19] range at 558% of needed quorum
2026-01-02 17:02:35,768 INFO [input#7]            ScaleStep.java:65   | Scale{ interline(17,19,20) line(3,3,5) beam(11)}
2026-01-02 17:02:35,768 INFO [input#7]       StepMonitoring.java:98   | GRID
2026-01-02 17:02:35,832 INFO [input#7]       LinesRetriever.java:1500 | Global slope: 0.00000
2026-01-02 17:02:35,836 INFO [input#7]    ClustersRetriever.java:328  | Retrieved raw line clusters: 12 of sizes [5] with interline(17,19,20)
2026-01-02 17:02:35,860 INFO [input#7]            PeakGraph.java:310  | Systems: #1[1, 2] #2[3, 4] #3[5, 6] #4[7, 8] #5[9, 10] #6[11, 12]
2026-01-02 17:02:35,933 INFO [input#7]        SystemManager.java:779  | 1 part along 6 systems
2026-01-02 17:02:35,934 INFO [input#7]       StepMonitoring.java:98   | HEADERS
2026-01-02 17:02:36,142 INFO [input#7]       StepMonitoring.java:98   | STEM_SEEDS
2026-01-02 17:02:36,159 INFO [input#7]        StemSeedsStep.java:86   | stem(5 max:5)
2026-01-02 17:02:36,165 INFO [input#7]       StepMonitoring.java:98   | BEAMS
2026-01-02 17:02:37,896 INFO [input#7]       StaffProjector.java:665  | Too high serif for multiple rest in Staff#7 at x:1259
2026-01-02 17:02:37,896 INFO [input#7]       StaffProjector.java:665  | Too high serif for multiple rest in Staff#7 at x:1406
2026-01-02 17:02:37,951 INFO [input#7]       StepMonitoring.java:98   | LEDGERS
2026-01-02 17:02:38,024 INFO [input#7]       StepMonitoring.java:98   | HEADS
2026-01-02 17:02:41,026 INFO [input#7]        HeadSeedTally.java:235  | Scale information: HeadSeeds{NOTEHEAD_BLACK[L:-0.6,R:-0.9]}
2026-01-02 17:02:41,026 INFO [input#7]       StepMonitoring.java:98   | STEMS
2026-01-02 17:02:41,461 INFO [input#7]       StepMonitoring.java:98   | REDUCTION
2026-01-02 17:02:41,528 INFO [input#7]        ReductionStep.java:105  | Stems free length median value: 61 pixels, 3.2 interlines
2026-01-02 17:02:41,529 INFO [input#7]       StepMonitoring.java:98   | CUE_BEAMS
2026-01-02 17:02:41,530 INFO [input#7]         CueBeamsStep.java:81   | Step CUE_BEAMS is skipped because small heads switch is off
2026-01-02 17:02:41,530 INFO [input#7]       StepMonitoring.java:98   | TEXTS
2026-01-02 17:02:41,896 INFO [input#7]       StepMonitoring.java:98   | MEASURES
2026-01-02 17:02:41,896 INFO [input#7]                 Page.java:307  | 18 raw measures: [3 in system#1, 3 in system#2, 4 in system#3, 3 in system#4, 3 in system#5, 2 in system#6]
2026-01-02 17:02:41,896 INFO [input#7]       StepMonitoring.java:98   | CHORDS
2026-01-02 17:02:41,896 INFO [input#7]       StepMonitoring.java:98   | CURVES
2026-01-02 17:02:42,280 INFO [input#7]         SlursBuilder.java:240  | Slurs: 2
2026-01-02 17:02:42,282 INFO [input#7]      SegmentsBuilder.java:155  | Segments: 7
2026-01-02 17:02:42,282 INFO [input#7]       StepMonitoring.java:98   | SYMBOLS
2026-01-02 17:02:42,466 INFO [input#7]       StepMonitoring.java:98   | LINKS
2026-01-02 17:02:42,476 INFO [input#7]        SymbolsLinker.java:287  | No chord above PedalInter#10472{(0.498) PEDAL_UP_MARK}
2026-01-02 17:02:42,491 INFO [input#7]       StepMonitoring.java:98   | RHYTHMS
2026-01-02 17:02:42,491 INFO [input#7]           PageRhythm.java:199  | {Page#7.1} Time value reused from sheet#1
2026-01-02 17:02:42,495 INFO [input#7]                Voice.java:257  | Measure{#4} Voice{#5 excess:1/8} too long
2026-01-02 17:02:42,495 INFO [input#7]                Voice.java:257  | Measure{#4} Voice{#6 excess:1/8} too long
2026-01-02 17:02:42,495 INFO [input#7]          StackRhythm.java:224  | S2 MeasureStack#4 no correct rhythm
2026-01-02 17:02:42,495 INFO [input#7]                Voice.java:257  | Measure{#5} Voice{#1 excess:3/8} too long
2026-01-02 17:02:42,495 INFO [input#7]                Voice.java:257  | Measure{#5} Voice{#6 excess:1/8} too long
2026-01-02 17:02:42,495 INFO [input#7]                Voice.java:257  | Measure{#5} Voice{#7 excess:3/8} too long
2026-01-02 17:02:42,495 INFO [input#7]          StackRhythm.java:224  | S2 MeasureStack#5 no correct rhythm
2026-01-02 17:02:42,506 INFO [input#7]                Voice.java:257  | Measure{#13} Voice{#1 excess:3/8} too long
2026-01-02 17:02:42,506 INFO [input#7]                Voice.java:257  | Measure{#13} Voice{#6 excess:1/8} too long
2026-01-02 17:02:42,506 INFO [input#7]                Voice.java:257  | Measure{#13} Voice{#7 excess:3/8} too long
2026-01-02 17:02:42,506 INFO [input#7]          StackRhythm.java:224  | S4 MeasureStack#13 no correct rhythm
2026-01-02 17:02:42,510 INFO [input#7]                Voice.java:257  | Measure{#16} Voice{#6 excess:1/4} too long
2026-01-02 17:02:42,510 INFO [input#7]                Voice.java:257  | Measure{#16} Voice{#3 excess:1/8} too long
2026-01-02 17:02:42,510 INFO [input#7]                Voice.java:257  | Measure{#16} Voice{#4 excess:1/4} too long
2026-01-02 17:02:42,510 INFO [input#7]          StackRhythm.java:224  | S5 MeasureStack#16 no correct rhythm
2026-01-02 17:02:42,512 INFO [input#7]       StepMonitoring.java:98   | PAGE
2026-01-02 17:02:42,513 INFO [input#7]                Voice.java:257  | Measure{#4} Voice{#5 excess:1/8} too long
2026-01-02 17:02:42,513 INFO [input#7]                Voice.java:257  | Measure{#4} Voice{#6 excess:1/8} too long
2026-01-02 17:02:42,513 INFO [input#7]                Voice.java:257  | Measure{#5} Voice{#1 excess:3/8} too long
2026-01-02 17:02:42,513 INFO [input#7]                Voice.java:257  | Measure{#5} Voice{#6 excess:1/8} too long
2026-01-02 17:02:42,514 INFO [input#7]                Voice.java:257  | Measure{#5} Voice{#7 excess:3/8} too long
2026-01-02 17:02:42,514 INFO [input#7]                Voice.java:257  | Measure{#13} Voice{#1 excess:3/8} too long
2026-01-02 17:02:42,514 INFO [input#7]                Voice.java:257  | Measure{#13} Voice{#6 excess:1/8} too long
2026-01-02 17:02:42,514 INFO [input#7]                Voice.java:257  | Measure{#13} Voice{#7 excess:3/8} too long
2026-01-02 17:02:42,514 INFO [input#7]                Voice.java:257  | Measure{#16} Voice{#3 excess:1/8} too long
2026-01-02 17:02:42,514 INFO [input#7]                Voice.java:257  | Measure{#16} Voice{#4 excess:1/4} too long
2026-01-02 17:02:42,514 INFO [input#7]                Voice.java:257  | Measure{#16} Voice{#6 excess:1/4} too long
2026-01-02 17:02:42,514 INFO [input#7]                 Book.java:2550 | Book{input} storing
2026-01-02 17:02:42,542 INFO [input#7]                 Book.java:2531 | Stored /book.xml
2026-01-02 17:02:42,581 INFO [input#7]           DataHolder.java:348  | Stored /sheet#7/BINARY.png
2026-01-02 17:02:42,786 INFO [input#7]                Sheet.java:1561 | Stored /sheet#7/sheet#7.xml
2026-01-02 17:02:42,786 INFO [input#7]                 Book.java:2491 | Book stored as C:\Users\Admin\Documents\Jianpu-tranpose-with-CV\audiveris_out\input.omr
2026-01-02 17:02:42,786 INFO [input#7]            SheetStub.java:1644 | Disposed sheet#7
2026-01-02 17:02:42,806 INFO [input#7]                 Book.java:2018 | End of Stub#7 memory: 31,189,488
2026-01-02 17:02:42,806 INFO [input#8]       StepMonitoring.java:98   | LOAD
2026-01-02 17:02:42,856 INFO [input#8]            SheetStub.java:1268 | Loaded image #8 2478x3507 from C:\Users\Admin\Documents\Jianpu-tranpose-with-CV\samples\input.pdf
2026-01-02 17:02:42,856 INFO [input#8]       StepMonitoring.java:98   | BINARY
2026-01-02 17:02:43,016 INFO [input#8]       StepMonitoring.java:98   | SCALE
2026-01-02 17:02:43,016 WARN [input#8]            SheetStub.java:412  | input#8

Too few black pixels: 0.04% of whole image.
This sheet is almost blank.

2026-01-02 17:02:43,016 INFO [input#8]            SheetStub.java:1186 | Sheet input#8 flagged as invalid.
2026-01-02 17:02:43,016 INFO [input#8]            SheetStub.java:385  | Sheet closed
2026-01-02 17:02:43,016 INFO [input#8]            SheetStub.java:1394 | StepException cause detected in [LOAD, BINARY, SCALE, GRID, HEADERS, STEM_SEEDS, BEAMS, LEDGERS, HEADS, STEMS, REDUCTION, CUE_BEAMS, TEXTS, MEASURES, CHORDS, CURVES, SYMBOLS, LINKS, RHYTHMS, PAGE]
2026-01-02 17:02:43,016 INFO [input#8]                 Book.java:2550 | Book{input} storing
2026-01-02 17:02:43,026 INFO [input#8]                 Book.java:2531 | Stored /book.xml
2026-01-02 17:02:43,066 INFO [input#8]           DataHolder.java:348  | Stored /sheet#8/BINARY.png
2026-01-02 17:02:43,066 INFO [input#8]                Sheet.java:1561 | Stored /sheet#8/sheet#8.xml
2026-01-02 17:02:43,066 INFO [input#8]                 Book.java:2491 | Book stored as C:\Users\Admin\Documents\Jianpu-tranpose-with-CV\audiveris_out\input.omr
2026-01-02 17:02:43,066 INFO [input#8]            SheetStub.java:1644 | Disposed sheet#8
2026-01-02 17:02:43,086 INFO [input#8]                 Book.java:2018 | End of Stub#8 memory: 31,190,312
2026-01-02 17:02:43,086 INFO [input]                 Book.java:2025 | Book processed.
2026-01-02 17:02:43,106 INFO [input]                Score.java:181  | Closing {Score 1}
